[01m[K/home/ic/cadeira/src/cadeira/src/controlador_lidar.cpp:43:30:[m[K [01;31m[Kerror: [m[Kexpected â€˜[01m[K)[m[Kâ€™ before â€˜[01m[K{[m[Kâ€™ token
   43 | int main[34m[K([m[Kint argc, char* argv[01;31m[K{[m[K})
      |         [34m[K~[m[K                    [01;31m[K^[m[K
      |                              [32m[K)[m[K
[01m[K/home/ic/cadeira/src/cadeira/src/controlador_lidar.cpp:43:5:[m[K [01;35m[Kwarning: [m[Ksecond argument of â€˜[01m[Kint main(int, char*)[m[Kâ€™ should be â€˜[01m[Kchar **[m[Kâ€™ [[01;35m[K]8;;https://gcc.gnu.org/onlinedocs/gcc/Warning-Options.html#index-Wmain-Wmain]8;;[m[K]
   43 | int [01;35m[Kmain[m[K(int argc, char* argv{})
      |     [01;35m[K^~~~[m[K
[01m[K/home/ic/cadeira/src/cadeira/src/controlador_lidar.cpp:[m[K In function â€˜[01m[Kint main(int, char*)[m[Kâ€™:
[01m[K/home/ic/cadeira/src/cadeira/src/controlador_lidar.cpp:43:14:[m[K [01;35m[Kwarning: [m[Kunused parameter â€˜[01m[Kargc[m[Kâ€™ [[01;35m[K]8;;https://gcc.gnu.org/onlinedocs/gcc/Warning-Options.html#index-Wunused-parameter-Wunused-parameter]8;;[m[K]
   43 | int main([01;35m[Kint argc[m[K, char* argv{})
      |          [01;35m[K~~~~^~~~[m[K
[01m[K/home/ic/cadeira/src/cadeira/src/controlador_lidar.cpp:43:26:[m[K [01;35m[Kwarning: [m[Kunused parameter â€˜[01m[Kargv[m[Kâ€™ [[01;35m[K]8;;https://gcc.gnu.org/onlinedocs/gcc/Warning-Options.html#index-Wunused-parameter-Wunused-parameter]8;;[m[K]
   43 | int main(int argc, [01;35m[Kchar* argv[m[K{})
      |                    [01;35m[K~~~~~~^~~~[m[K
[01m[K/home/ic/cadeira/src/cadeira/src/controlador_lidar.cpp:[m[K At global scope:
[01m[K/home/ic/cadeira/src/cadeira/src/controlador_lidar.cpp:43:32:[m[K [01;31m[Kerror: [m[Kexpected unqualified-id before â€˜[01m[K)[m[Kâ€™ token
   43 | int main(int argc, char* argv{}[01;31m[K)[m[K
      |                                [01;31m[K^[m[K
gmake[2]: *** [CMakeFiles/controlador_lidar.dir/build.make:76: CMakeFiles/controlador_lidar.dir/src/controlador_lidar.cpp.o] Error 1
gmake[1]: *** [CMakeFiles/Makefile2:137: CMakeFiles/controlador_lidar.dir/all] Error 2
gmake: *** [Makefile:146: all] Error 2
